Using pre-set license
Built from '2021.3/staging' branch; Version is '2021.3.11f1 (0a5ca18544bf) revision 679073'; Using compiler version '192829333'; Build Type 'Release'
OS: 'Windows 10  (10.0.19044) 64bit Professional' Language: 'ru' Physical Memory: 3958 MB
BatchMode: 1, IsHumanControllingUs: 0, StartBugReporterOnCrash: 0, Is64bit: 1, IsPro: 1

COMMAND LINE ARGUMENTS:
C:\Program Files\Unity\Hub\Editor\2021.3.11f1\Editor\Unity.exe
-adb2
-batchMode
-noUpm
-name
AssetImportWorker0
-projectPath
C:/UnityProjects/Prototype1
-logFile
Logs/AssetImportWorker0.log
-srvPort
60603
Successfully changed project path to: C:/UnityProjects/Prototype1
C:/UnityProjects/Prototype1
[UnityMemory] Configuration Parameters - Can be set up in boot.config
    "memorysetup-bucket-allocator-granularity=16"
    "memorysetup-bucket-allocator-bucket-count=8"
    "memorysetup-bucket-allocator-block-size=33554432"
    "memorysetup-bucket-allocator-block-count=8"
    "memorysetup-main-allocator-block-size=16777216"
    "memorysetup-thread-allocator-block-size=16777216"
    "memorysetup-gfx-main-allocator-block-size=16777216"
    "memorysetup-gfx-thread-allocator-block-size=16777216"
    "memorysetup-cache-allocator-block-size=4194304"
    "memorysetup-typetree-allocator-block-size=2097152"
    "memorysetup-profiler-bucket-allocator-granularity=16"
    "memorysetup-profiler-bucket-allocator-bucket-count=8"
    "memorysetup-profiler-bucket-allocator-block-size=33554432"
    "memorysetup-profiler-bucket-allocator-block-count=8"
    "memorysetup-profiler-allocator-block-size=16777216"
    "memorysetup-profiler-editor-allocator-block-size=1048576"
    "memorysetup-temp-allocator-size-main=16777216"
    "memorysetup-job-temp-allocator-block-size=2097152"
    "memorysetup-job-temp-allocator-block-size-background=1048576"
    "memorysetup-job-temp-allocator-reduction-small-platforms=262144"
    "memorysetup-temp-allocator-size-background-worker=32768"
    "memorysetup-temp-allocator-size-job-worker=262144"
    "memorysetup-temp-allocator-size-preload-manager=33554432"
    "memorysetup-temp-allocator-size-nav-mesh-worker=65536"
    "memorysetup-temp-allocator-size-audio-worker=65536"
    "memorysetup-temp-allocator-size-cloud-worker=32768"
    "memorysetup-temp-allocator-size-gi-baking-worker=262144"
    "memorysetup-temp-allocator-size-gfx=262144"
Refreshing native plugins compatible for Editor in 247.20 ms, found 3 plugins.
Preloading 0 native plugins for Editor in 0.00 ms.
Initialize engine version: 2021.3.11f1 (0a5ca18544bf)
[Subsystems] Discovering subsystems at path C:/Program Files/Unity/Hub/Editor/2021.3.11f1/Editor/Data/Resources/UnitySubsystems
[Subsystems] Discovering subsystems at path C:/UnityProjects/Prototype1/Assets
GfxDevice: creating device client; threaded=0; jobified=0
Direct3D:
    Version:  Direct3D 11.0 [level 11.0]
    Renderer: AMD Mobility Radeon HD 5000 Series (ID=0x68e0)
    Vendor:   ATI
    VRAM:     502 MB
    Driver:   15.201.1151.1008
Initialize mono
Mono path[0] = 'C:/Program Files/Unity/Hub/Editor/2021.3.11f1/Editor/Data/Managed'
Mono path[1] = 'C:/Program Files/Unity/Hub/Editor/2021.3.11f1/Editor/Data/MonoBleedingEdge/lib/mono/unityjit-win32'
Mono config path = 'C:/Program Files/Unity/Hub/Editor/2021.3.11f1/Editor/Data/MonoBleedingEdge/etc'
Using monoOptions --debugger-agent=transport=dt_socket,embedding=1,server=y,suspend=n,address=127.0.0.1:56748
Begin MonoManager ReloadAssembly
Registering precompiled unity dll's ...
Register platform support module: C:/Program Files/Unity/Hub/Editor/2021.3.11f1/Editor/Data/PlaybackEngines/WebGLSupport/UnityEditor.WebGL.Extensions.dll
Register platform support module: C:/Program Files/Unity/Hub/Editor/2021.3.11f1/Editor/Data/PlaybackEngines/WindowsStandaloneSupport/UnityEditor.WindowsStandalone.Extensions.dll
Registered in 0.026202 seconds.
Native extension for WindowsStandalone target not found
Native extension for WebGL target not found
Refreshing native plugins compatible for Editor in 276.02 ms, found 3 plugins.
Preloading 0 native plugins for Editor in 0.00 ms.
Mono: successfully reloaded assembly
- Completed reload, in  2.586 seconds
Domain Reload Profiling:
	ReloadAssembly (2587ms)
		BeginReloadAssembly (500ms)
			ExecutionOrderSort (0ms)
			DisableScriptedObjects (0ms)
			BackupInstance (0ms)
			ReleaseScriptingObjects (0ms)
			CreateAndSetChildDomain (2ms)
		EndReloadAssembly (1450ms)
			LoadAssemblies (496ms)
			RebuildTransferFunctionScriptingTraits (0ms)
			SetupTypeCache (303ms)
			ReleaseScriptCaches (0ms)
			RebuildScriptCaches (80ms)
			SetupLoadedEditorAssemblies (901ms)
				LogAssemblyErrors (0ms)
				InitializePlatformSupportModulesInManaged (26ms)
				SetLoadedEditorAssemblies (0ms)
				RefreshPlugins (276ms)
				BeforeProcessingInitializeOnLoad (3ms)
				ProcessInitializeOnLoadAttributes (423ms)
				ProcessInitializeOnLoadMethodAttributes (172ms)
				AfterProcessingInitializeOnLoad (0ms)
				EditorAssembliesLoaded (0ms)
			ExecutionOrderSort2 (0ms)
			AwakeInstancesAfterBackupRestoration (0ms)
Platform modules already initialized, skipping
Registering precompiled user dll's ...
Registered in 0.016207 seconds.
Begin MonoManager ReloadAssembly
Symbol file LoadedFromMemory doesn't match image C:\UnityProjects\Prototype1\Library\PackageCache\com.unity.visualscripting@1.7.8\Editor\VisualScripting.Core\Dependencies\YamlDotNet\Unity.VisualScripting.YamlDotNet.dll
Symbol file LoadedFromMemory doesn't match image C:\UnityProjects\Prototype1\Library\PackageCache\com.unity.visualscripting@1.7.8\Editor\VisualScripting.Core\Dependencies\DotNetZip\Unity.VisualScripting.IonicZip.dll
Native extension for WindowsStandalone target not found
Native extension for WebGL target not found
Refreshing native plugins compatible for Editor in 3.67 ms, found 3 plugins.
Preloading 0 native plugins for Editor in 0.00 ms.
Mono: successfully reloaded assembly
- Completed reload, in  3.780 seconds
Domain Reload Profiling:
	ReloadAssembly (3783ms)
		BeginReloadAssembly (458ms)
			ExecutionOrderSort (0ms)
			DisableScriptedObjects (21ms)
			BackupInstance (0ms)
			ReleaseScriptingObjects (0ms)
			CreateAndSetChildDomain (53ms)
		EndReloadAssembly (2952ms)
			LoadAssemblies (527ms)
			RebuildTransferFunctionScriptingTraits (0ms)
			SetupTypeCache (1059ms)
			ReleaseScriptCaches (1ms)
			RebuildScriptCaches (158ms)
			SetupLoadedEditorAssemblies (1240ms)
				LogAssemblyErrors (0ms)
				InitializePlatformSupportModulesInManaged (35ms)
				SetLoadedEditorAssemblies (4ms)
				RefreshPlugins (4ms)
				BeforeProcessingInitializeOnLoad (330ms)
				ProcessInitializeOnLoadAttributes (722ms)
				ProcessInitializeOnLoadMethodAttributes (120ms)
				AfterProcessingInitializeOnLoad (25ms)
				EditorAssembliesLoaded (1ms)
			ExecutionOrderSort2 (0ms)
			AwakeInstancesAfterBackupRestoration (20ms)
Platform modules already initialized, skipping
========================================================================
Worker process is ready to serve import requests
Launched and connected shader compiler UnityShaderCompiler.exe after 0.14 seconds
Refreshing native plugins compatible for Editor in 1.46 ms, found 3 plugins.
Preloading 0 native plugins for Editor in 0.00 ms.
Unloading 3386 Unused Serialized files (Serialized files now loaded: 0)
Unloading 27 unused Assets / (114.0 KB). Loaded Objects now: 3845.
Memory consumption went from 116.7 MB to 116.6 MB.
Total: 12.006600 ms (FindLiveObjects: 1.052500 ms CreateObjectMapping: 0.500200 ms MarkObjects: 10.054800 ms  DeleteObjects: 0.395300 ms)

AssetImportParameters requested are different than current active one (requested -> active):
  custom:video-decoder-ogg-theora: a1e56fd34408186e4bbccfd4996cb3dc -> 
  custom:container-muxer-webm: aa71ff27fc2769a1b78a27578f13a17b -> 
  custom:container-demuxer-webm: 4f35f7cbe854078d1ac9338744f61a02 -> 
  custom:video-encoder-webm-vp8: eb34c28f22e8b96e1ab97ce403110664 -> 
  custom:audio-encoder-webm-vorbis: bf7c407c2cedff20999df2af8eb42d56 -> 
  custom:framework-win-MediaFoundation: 216162199b28c13a410421893ffa2e32 -> 
  custom:container-demuxer-ogg: 62fdf1f143b41e24485cea50d1cbac27 -> 
  custom:video-decoder-webm-vp8: 9c59270c3fd7afecdb556c50c9e8de78 -> 
  custom:audio-decoder-ogg-vorbis: bf7c407c2cedff20999df2af8eb42d56 -> 
========================================================================
Received Import Request.
  Time since last request: 69966.852947 seconds.
  path: Assets/Course Library/Materials
  artifactKey: Guid(ad3a603cc86ae4a379e0528b7bfd13be) Importer(815301076,1909f56bfc062723c751e8b465ee728b)
Start importing Assets/Course Library/Materials using Guid(ad3a603cc86ae4a379e0528b7bfd13be) Importer(815301076,1909f56bfc062723c751e8b465ee728b)  -> (artifact id: 'd79e0ebd31b1c12e84a3a6f9f574f5e3') in 0.039288 seconds 
========================================================================
Received Import Request.
  Time since last request: 0.000236 seconds.
  path: Assets/Course Library/Ground
  artifactKey: Guid(343e5d6e38531486a9fc755e39b8ff7e) Importer(815301076,1909f56bfc062723c751e8b465ee728b)
Start importing Assets/Course Library/Ground using Guid(343e5d6e38531486a9fc755e39b8ff7e) Importer(815301076,1909f56bfc062723c751e8b465ee728b)  -> (artifact id: 'c193bccd7a6102c79118403afbdb6432') in 0.028733 seconds 
========================================================================
Received Import Request.
  Time since last request: 0.000070 seconds.
  path: Assets/Course Library/Materials/Material_Grass.mat
  artifactKey: Guid(42b224efc5a8c4863a87e224a72bb1ea) Importer(815301076,1909f56bfc062723c751e8b465ee728b)
Start importing Assets/Course Library/Materials/Material_Grass.mat using Guid(42b224efc5a8c4863a87e224a72bb1ea) Importer(815301076,1909f56bfc062723c751e8b465ee728b)  -> (artifact id: 'd151b897591c7300f80e54e4bf61c624') in 0.530543 seconds 
========================================================================
Received Import Request.
  Time since last request: 0.000061 seconds.
  path: Assets/Course Library/Ground/Ground_Road.prefab
  artifactKey: Guid(e7db4011ca7f11c408c1ad18b34ed04d) Importer(815301076,1909f56bfc062723c751e8b465ee728b)
Start importing Assets/Course Library/Ground/Ground_Road.prefab using Guid(e7db4011ca7f11c408c1ad18b34ed04d) Importer(815301076,1909f56bfc062723c751e8b465ee728b)  -> (artifact id: 'ae3febcab6976e01a756031e6d258feb') in 0.190760 seconds 
========================================================================
Received Import Request.
  Time since last request: 0.000084 seconds.
  path: Assets/Course Library/Materials/Material_Gravel.mat
  artifactKey: Guid(238e68fd68e894d1fa27387d26f026f0) Importer(815301076,1909f56bfc062723c751e8b465ee728b)
Start importing Assets/Course Library/Materials/Material_Gravel.mat using Guid(238e68fd68e894d1fa27387d26f026f0) Importer(815301076,1909f56bfc062723c751e8b465ee728b)  -> (artifact id: '7af93fe8a379ab05da267d2a5b6aacc0') in 0.069667 seconds 
========================================================================
Received Import Request.
  Time since last request: 0.000047 seconds.
  path: Assets/Course Library/Materials/Material_Sand.mat
  artifactKey: Guid(16176c138e4da4678ad7e9a9dd39429d) Importer(815301076,1909f56bfc062723c751e8b465ee728b)
Start importing Assets/Course Library/Materials/Material_Sand.mat using Guid(16176c138e4da4678ad7e9a9dd39429d) Importer(815301076,1909f56bfc062723c751e8b465ee728b)  -> (artifact id: '21b6dd3217793c67f437d839d8b6a591') in 0.056747 seconds 
========================================================================
Received Import Request.
  Time since last request: 0.000051 seconds.
  path: Assets/Course Library/Materials/Material_Concrete.mat
  artifactKey: Guid(bc90d48240dd64916900ac98e11b3e5f) Importer(815301076,1909f56bfc062723c751e8b465ee728b)
Start importing Assets/Course Library/Materials/Material_Concrete.mat using Guid(bc90d48240dd64916900ac98e11b3e5f) Importer(815301076,1909f56bfc062723c751e8b465ee728b)  -> (artifact id: 'a0f93146ba550f5eb7cc1a4dd9365c34') in 0.054819 seconds 
========================================================================
Received Import Request.
  Time since last request: 21.925397 seconds.
  path: Assets/Challenge 1/_Source_Files
  artifactKey: Guid(ab37f46732fae4a0fb02712a6d036f7c) Importer(815301076,1909f56bfc062723c751e8b465ee728b)
Start importing Assets/Challenge 1/_Source_Files using Guid(ab37f46732fae4a0fb02712a6d036f7c) Importer(815301076,1909f56bfc062723c751e8b465ee728b)  -> (artifact id: '20da3909807e705e9cec469a47c3ded3') in 0.030095 seconds 
========================================================================
Received Import Request.
  Time since last request: 3.079229 seconds.
  path: Assets/Course Library/Humans
  artifactKey: Guid(f09165a6113c3484f84f5d06d40147ec) Importer(815301076,1909f56bfc062723c751e8b465ee728b)
Start importing Assets/Course Library/Humans using Guid(f09165a6113c3484f84f5d06d40147ec) Importer(815301076,1909f56bfc062723c751e8b465ee728b)  -> (artifact id: '1230148fa32d31ade8c7a55580bb7be0') in 0.023928 seconds 
========================================================================
Received Import Request.
  Time since last request: 0.044970 seconds.
  path: Assets/Course Library/Humans/SimpleFarmer_Man_01_Black.prefab
  artifactKey: Guid(f8abbdd178867d2419ba9feb6ff2cba0) Importer(815301076,1909f56bfc062723c751e8b465ee728b)
Start importing Assets/Course Library/Humans/SimpleFarmer_Man_01_Black.prefab using Guid(f8abbdd178867d2419ba9feb6ff2cba0) Importer(815301076,1909f56bfc062723c751e8b465ee728b)  -> (artifact id: '1b0c1a1e3e9c3522104c142300848c46') in 0.262638 seconds 
========================================================================
Received Import Request.
  Time since last request: 0.000075 seconds.
  path: Assets/Course Library/Humans/SimpleFarmer_Man_02_Brown.prefab
  artifactKey: Guid(814f4326a50812947b2469896d89a215) Importer(815301076,1909f56bfc062723c751e8b465ee728b)
Start importing Assets/Course Library/Humans/SimpleFarmer_Man_02_Brown.prefab using Guid(814f4326a50812947b2469896d89a215) Importer(815301076,1909f56bfc062723c751e8b465ee728b)  -> (artifact id: '0714c537daa5580a76c18848a3e217d7') in 0.170887 seconds 
========================================================================
Received Import Request.
  Time since last request: 0.000087 seconds.
  path: Assets/Course Library/Humans/SimpleFarmer_Man_01_Brown.prefab
  artifactKey: Guid(6f52b946693e54048af74f5cd6ba49f8) Importer(815301076,1909f56bfc062723c751e8b465ee728b)
Start importing Assets/Course Library/Humans/SimpleFarmer_Man_01_Brown.prefab using Guid(6f52b946693e54048af74f5cd6ba49f8) Importer(815301076,1909f56bfc062723c751e8b465ee728b)  -> (artifact id: '5363eebd70c7a941a01d6fa2c8ef40f2') in 0.218321 seconds 
========================================================================
Received Import Request.
  Time since last request: 0.000078 seconds.
  path: Assets/Course Library/Humans/SimpleFarmer_Woman_02_Brown.prefab
  artifactKey: Guid(f3f69bcf5a1514c458ed5c9b96f28e34) Importer(815301076,1909f56bfc062723c751e8b465ee728b)
Start importing Assets/Course Library/Humans/SimpleFarmer_Woman_02_Brown.prefab using Guid(f3f69bcf5a1514c458ed5c9b96f28e34) Importer(815301076,1909f56bfc062723c751e8b465ee728b)  -> (artifact id: '1e3a9a138fc017d85a6f7623e8c0c062') in 0.130698 seconds 
========================================================================
Received Import Request.
  Time since last request: 0.000099 seconds.
  path: Assets/Course Library/Humans/SimpleFarmer_Woman_02_White.prefab
  artifactKey: Guid(3cf7f489270aac84fb12901330960a5b) Importer(815301076,1909f56bfc062723c751e8b465ee728b)
Start importing Assets/Course Library/Humans/SimpleFarmer_Woman_02_White.prefab using Guid(3cf7f489270aac84fb12901330960a5b) Importer(815301076,1909f56bfc062723c751e8b465ee728b)  -> (artifact id: '8a3be4b06aedcb76c4056b1ce08156f1') in 0.150749 seconds 
========================================================================
Received Import Request.
  Time since last request: 0.000070 seconds.
  path: Assets/Course Library/Humans/SimpleFarmer_Man_02_Black.prefab
  artifactKey: Guid(fc01a3bb589cebc4aa10892db165243b) Importer(815301076,1909f56bfc062723c751e8b465ee728b)
Start importing Assets/Course Library/Humans/SimpleFarmer_Man_02_Black.prefab using Guid(fc01a3bb589cebc4aa10892db165243b) Importer(815301076,1909f56bfc062723c751e8b465ee728b)  -> (artifact id: '64c2c398280928bf942c1bfa00050290') in 0.199767 seconds 
========================================================================
Received Import Request.
  Time since last request: 0.000080 seconds.
  path: Assets/Course Library/Humans/SimpleFarmer_Woman_01_Black.prefab
  artifactKey: Guid(0e1316a3e46fdb349b6ff648610a1d71) Importer(815301076,1909f56bfc062723c751e8b465ee728b)
Start importing Assets/Course Library/Humans/SimpleFarmer_Woman_01_Black.prefab using Guid(0e1316a3e46fdb349b6ff648610a1d71) Importer(815301076,1909f56bfc062723c751e8b465ee728b)  -> (artifact id: '3651f9aeb6879c3cdc3f38219303983b') in 0.119537 seconds 
========================================================================
Received Import Request.
  Time since last request: 0.000088 seconds.
  path: Assets/Course Library/Humans/SimpleFarmer_Woman_01_Brown.prefab
  artifactKey: Guid(610afbb40c4385d42aa33adfe3531f0a) Importer(815301076,1909f56bfc062723c751e8b465ee728b)
Start importing Assets/Course Library/Humans/SimpleFarmer_Woman_01_Brown.prefab using Guid(610afbb40c4385d42aa33adfe3531f0a) Importer(815301076,1909f56bfc062723c751e8b465ee728b)  -> (artifact id: '244b3491c9f97c3b35faaf5c3c1aec23') in 0.134375 seconds 
========================================================================
Received Import Request.
  Time since last request: 0.000062 seconds.
  path: Assets/Course Library/Humans/SimpleFarmer_Woman_01_White.prefab
  artifactKey: Guid(7169122e91e1981469b2b6045ddf7963) Importer(815301076,1909f56bfc062723c751e8b465ee728b)
Start importing Assets/Course Library/Humans/SimpleFarmer_Woman_01_White.prefab using Guid(7169122e91e1981469b2b6045ddf7963) Importer(815301076,1909f56bfc062723c751e8b465ee728b)  -> (artifact id: 'a5fc027cf03f7ae8535bbde329b3b0e7') in 0.134825 seconds 
========================================================================
Received Import Request.
  Time since last request: 0.000151 seconds.
  path: Assets/Course Library/Humans/SimpleFarmer_Man_02_White.prefab
  artifactKey: Guid(7b6675de545141649953fd8adec4561b) Importer(815301076,1909f56bfc062723c751e8b465ee728b)
Start importing Assets/Course Library/Humans/SimpleFarmer_Man_02_White.prefab using Guid(7b6675de545141649953fd8adec4561b) Importer(815301076,1909f56bfc062723c751e8b465ee728b)  -> (artifact id: '11169601346d4ce1f25755a9cbeffcfd') in 0.172597 seconds 
========================================================================
Received Import Request.
  Time since last request: 0.000084 seconds.
  path: Assets/Course Library/Humans/SimpleFarmer_Man_01_White.prefab
  artifactKey: Guid(3bd8a450fcb589542a7843ea7bda2ee6) Importer(815301076,1909f56bfc062723c751e8b465ee728b)
Start importing Assets/Course Library/Humans/SimpleFarmer_Man_01_White.prefab using Guid(3bd8a450fcb589542a7843ea7bda2ee6) Importer(815301076,1909f56bfc062723c751e8b465ee728b)  -> (artifact id: '2be9918df007461854e780816f21b7d5') in 0.135919 seconds 
========================================================================
Received Import Request.
  Time since last request: 0.000068 seconds.
  path: Assets/Course Library/Humans/SimpleFarmer_Woman_02_Black.prefab
  artifactKey: Guid(2af1fa464b69e4c4cb1a408373c7d971) Importer(815301076,1909f56bfc062723c751e8b465ee728b)
Start importing Assets/Course Library/Humans/SimpleFarmer_Woman_02_Black.prefab using Guid(2af1fa464b69e4c4cb1a408373c7d971) Importer(815301076,1909f56bfc062723c751e8b465ee728b)  -> (artifact id: '53e35de3915c5f4a5d69e90a62cbe604') in 0.124042 seconds 
